<?xml version="1.0" encoding="UTF-8"?>
<coverage generated="1692079082794" clover="3.2.0">
  <project timestamp="1692079082795" name="All files">
    <metrics statements="43" coveredstatements="43" conditionals="15" coveredconditionals="13" methods="8" coveredmethods="8" elements="66" coveredelements="64" complexity="0" loc="43" ncloc="43" packages="8" files="8" classes="8"/>
    <package name="UI.NavLinkButton.helpers">
      <metrics statements="4" coveredstatements="4" conditionals="2" coveredconditionals="2" methods="1" coveredmethods="1"/>
      <file name="getNavLinkButtonStyles.ts" path="C:\Users\Маруся\Desktop\e-commerce\src\UI\NavLinkButton\helpers\getNavLinkButtonStyles.ts">
        <metrics statements="4" coveredstatements="4" conditionals="2" coveredconditionals="2" methods="1" coveredmethods="1"/>
        <line num="2" count="1" type="stmt"/>
        <line num="4" count="1" type="stmt"/>
        <line num="5" count="2" type="cond" truecount="2" falsecount="0"/>
        <line num="7" count="1" type="stmt"/>
      </file>
    </package>
    <package name="modules.Registration.components.select.constants">
      <metrics statements="5" coveredstatements="5" conditionals="0" coveredconditionals="0" methods="0" coveredmethods="0"/>
      <file name="index.ts" path="C:\Users\Маруся\Desktop\e-commerce\src\modules\Registration\components\select\constants\index.ts">
        <metrics statements="5" coveredstatements="5" conditionals="0" coveredconditionals="0" methods="0" coveredmethods="0"/>
        <line num="1" count="2" type="stmt"/>
        <line num="2" count="2" type="stmt"/>
        <line num="3" count="2" type="stmt"/>
        <line num="4" count="2" type="stmt"/>
        <line num="5" count="2" type="stmt"/>
      </file>
    </package>
    <package name="modules.Registration.components.select.helpers.checkLeapYear">
      <metrics statements="5" coveredstatements="5" conditionals="3" coveredconditionals="3" methods="1" coveredmethods="1"/>
      <file name="index.ts" path="C:\Users\Маруся\Desktop\e-commerce\src\modules\Registration\components\select\helpers\checkLeapYear\index.ts">
        <metrics statements="5" coveredstatements="5" conditionals="3" coveredconditionals="3" methods="1" coveredmethods="1"/>
        <line num="1" count="1" type="stmt"/>
        <line num="7" count="1" type="stmt"/>
        <line num="9" count="6" type="cond" truecount="3" falsecount="0"/>
        <line num="13" count="6" type="stmt"/>
        <line num="16" count="1" type="stmt"/>
      </file>
    </package>
    <package name="modules.Registration.components.select.helpers.getClick">
      <metrics statements="3" coveredstatements="3" conditionals="0" coveredconditionals="0" methods="1" coveredmethods="1"/>
      <file name="index.ts" path="C:\Users\Маруся\Desktop\e-commerce\src\modules\Registration\components\select\helpers\getClick\index.ts">
        <metrics statements="3" coveredstatements="3" conditionals="0" coveredconditionals="0" methods="1" coveredmethods="1"/>
        <line num="2" count="1" type="stmt"/>
        <line num="7" count="1" type="stmt"/>
        <line num="10" count="1" type="stmt"/>
      </file>
    </package>
    <package name="modules.Registration.components.select.helpers.getDays">
      <metrics statements="4" coveredstatements="4" conditionals="0" coveredconditionals="0" methods="2" coveredmethods="2"/>
      <file name="index.ts" path="C:\Users\Маруся\Desktop\e-commerce\src\modules\Registration\components\select\helpers\getDays\index.ts">
        <metrics statements="4" coveredstatements="4" conditionals="0" coveredconditionals="0" methods="2" coveredmethods="2"/>
        <line num="1" count="1" type="stmt"/>
        <line num="2" count="3" type="stmt"/>
        <line num="3" count="6" type="stmt"/>
        <line num="7" count="1" type="stmt"/>
      </file>
    </package>
    <package name="modules.Registration.components.select.helpers.getDaysOfMonth">
      <metrics statements="12" coveredstatements="12" conditionals="10" coveredconditionals="8" methods="1" coveredmethods="1"/>
      <file name="index.ts" path="C:\Users\Маруся\Desktop\e-commerce\src\modules\Registration\components\select\helpers\getDaysOfMonth\index.ts">
        <metrics statements="12" coveredstatements="12" conditionals="10" coveredconditionals="8" methods="1" coveredmethods="1"/>
        <line num="1" count="1" type="stmt"/>
        <line num="2" count="1" type="stmt"/>
        <line num="4" count="1" type="stmt"/>
        <line num="9" count="4" type="stmt"/>
        <line num="10" count="4" type="stmt"/>
        <line num="12" count="4" type="cond" truecount="2" falsecount="0"/>
        <line num="13" count="2" type="cond" truecount="2" falsecount="0"/>
        <line num="14" count="2" type="cond" truecount="2" falsecount="0"/>
        <line num="15" count="1" type="cond" truecount="1" falsecount="1"/>
        <line num="17" count="1" type="cond" truecount="1" falsecount="1"/>
        <line num="22" count="4" type="stmt"/>
        <line num="24" count="1" type="stmt"/>
      </file>
    </package>
    <package name="modules.Registration.components.select.helpers.getYears">
      <metrics statements="4" coveredstatements="4" conditionals="0" coveredconditionals="0" methods="2" coveredmethods="2"/>
      <file name="index.ts" path="C:\Users\Маруся\Desktop\e-commerce\src\modules\Registration\components\select\helpers\getYears\index.ts">
        <metrics statements="4" coveredstatements="4" conditionals="0" coveredconditionals="0" methods="2" coveredmethods="2"/>
        <line num="1" count="1" type="stmt"/>
        <line num="2" count="3" type="stmt"/>
        <line num="3" count="6" type="stmt"/>
        <line num="7" count="1" type="stmt"/>
      </file>
    </package>
    <package name="modules.Registration.constants">
      <metrics statements="6" coveredstatements="6" conditionals="0" coveredconditionals="0" methods="0" coveredmethods="0"/>
      <file name="index.ts" path="C:\Users\Маруся\Desktop\e-commerce\src\modules\Registration\constants\index.ts">
        <metrics statements="6" coveredstatements="6" conditionals="0" coveredconditionals="0" methods="0" coveredmethods="0"/>
        <line num="1" count="1" type="stmt"/>
        <line num="2" count="1" type="stmt"/>
        <line num="3" count="1" type="stmt"/>
        <line num="4" count="1" type="stmt"/>
        <line num="5" count="1" type="stmt"/>
        <line num="7" count="1" type="stmt"/>
      </file>
    </package>
  </project>
</coverage>
