TN:
SF:src\UI\NavLinkButton\helpers\getNavLinkButtonStyles.ts
FN:4,(anonymous_0)
FNF:1
FNH:1
FNDA:2,(anonymous_0)
DA:2,1
DA:4,1
DA:5,2
DA:7,1
LF:4
LH:4
BRDA:5,0,0,1
BRDA:5,0,1,1
BRF:2
BRH:2
end_of_record
TN:
SF:src\modules\Registration\components\select\constants\index.ts
FNF:0
FNH:0
DA:1,2
DA:2,2
DA:3,2
DA:4,2
DA:5,2
LF:5
LH:5
BRF:0
BRH:0
end_of_record
TN:
SF:src\modules\Registration\components\select\helpers\checkLeapYear\index.ts
FN:7,(anonymous_0)
FNF:1
FNH:1
FNDA:6,(anonymous_0)
DA:1,1
DA:7,1
DA:9,6
DA:13,6
DA:16,1
LF:5
LH:5
BRDA:9,0,0,6
BRDA:9,0,1,3
BRDA:9,0,2,4
BRF:3
BRH:3
end_of_record
TN:
SF:src\modules\Registration\components\select\helpers\convertDataToDateOfBirth\index.ts
FN:4,(anonymous_0)
FNF:1
FNH:1
FNDA:1,(anonymous_0)
DA:1,1
DA:4,1
DA:5,1
DA:7,1
DA:9,1
DA:12,1
LF:6
LH:6
BRF:0
BRH:0
end_of_record
TN:
SF:src\modules\Registration\components\select\helpers\getClick\index.ts
FN:1,getClick
FNF:1
FNH:1
FNDA:1,getClick
DA:2,1
DA:7,1
DA:10,1
LF:3
LH:3
BRF:0
BRH:0
end_of_record
TN:
SF:src\modules\Registration\components\select\helpers\getDays\index.ts
FN:1,(anonymous_0)
FN:3,(anonymous_1)
FNF:2
FNH:2
FNDA:3,(anonymous_0)
FNDA:6,(anonymous_1)
DA:1,1
DA:2,3
DA:3,6
DA:7,1
LF:4
LH:4
BRF:0
BRH:0
end_of_record
TN:
SF:src\modules\Registration\components\select\helpers\getDaysOfMonth\index.ts
FN:4,(anonymous_0)
FNF:1
FNH:1
FNDA:4,(anonymous_0)
DA:1,1
DA:2,1
DA:4,1
DA:9,4
DA:10,4
DA:12,4
DA:13,2
DA:14,2
DA:15,1
DA:17,1
DA:22,4
DA:24,1
LF:12
LH:12
BRDA:12,0,0,2
BRDA:12,0,1,2
BRDA:13,1,0,1
BRDA:13,1,1,1
BRDA:14,2,0,1
BRDA:14,2,1,1
BRDA:15,3,0,1
BRDA:15,3,1,0
BRDA:17,4,0,1
BRDA:17,4,1,0
BRF:10
BRH:8
end_of_record
TN:
SF:src\modules\Registration\components\select\helpers\getYears\index.ts
FN:1,(anonymous_0)
FN:3,(anonymous_1)
FNF:2
FNH:2
FNDA:3,(anonymous_0)
FNDA:6,(anonymous_1)
DA:1,1
DA:2,3
DA:3,6
DA:7,1
LF:4
LH:4
BRF:0
BRH:0
end_of_record
TN:
SF:src\modules\Registration\constants\index.ts
FNF:0
FNH:0
DA:1,2
DA:2,2
DA:3,2
DA:4,2
DA:5,2
DA:7,2
LF:6
LH:6
BRF:0
BRH:0
end_of_record
